START COUPANG BRAND STORE: 2026-03-23T00:00:10
[BRAND] 크롤링: https://shop.coupang.com/pillyze/?platform=p
  페이지: 쿠팡이 추천하는 주식회사 필라이즈 관련 혜택과 특가
  추출: 9개
  [OK] 164,500원 (1개당 82,250원)
       total=164,500 qty=1 unit=164,500 (텍스트분석)
  [OK] [공식판매처] 프리스타일 리브레2 연속혈당측정기 무채혈 2개+필라이즈 패치4매 + 필라이즈
       total=161,000 qty=2 unit=80,500 (텍스트분석)
  [OK] [공식판매처] 프리스타일 리브레2 연속혈당측정기 무채혈 1개+패치2매 무료 + 혈당 멤버십
       total=81,000 qty=1 unit=81,000 (텍스트분석)
  [OK] [공식판매처] 프리스타일 리브레2 연속혈당측정기 무채혈 7개+자체 제작 패치 14매+혈당 
       total=574,000 qty=7 unit=82,000 (텍스트분석)
  [SKIP] 9,900원 (1개입당 990원)  (9,900 < 15,000)
  [OK] [공식판매처] 프리스타일 리브레2 연속혈당측정기 무채혈 4개+패치8매 무료 (당뇨/가정용 
       total=328,000 qty=4 unit=82,000 (텍스트분석)
  [OK] 프리스타일 리브레2 연속혈당측정기 + 전용 제작 패치 + 필라이즈 혈당 멤버십 슈가케어 7
       total=180,000 qty=2 unit=90,000 (텍스트분석)
  [OK] 프리스타일 리브레2 연속혈당측정기 + 전용 제작 패치 + 필라이즈 혈당 멤버십 슈가케어 7
       total=90,000 qty=1 unit=90,000 (텍스트분석)
  [OK] 프리스타일 리브레2 연속혈당측정기 + 전용 제작 패치 + 필라이즈 혈당 멤버십 슈가케어 7
       total=360,000 qty=4 unit=90,000 (텍스트분석)
  [필라이즈] kept=8, skipped=1 (filter: min_price=15,000)

[BRAND] 크롤링: https://shop.coupang.com/glucofit/?platform=p
  페이지: 쿠팡이 추천하는 글루코핏 관련 혜택과 특가
  추출: 10개
  [OK] [공식] 프리스타일 리브레2 연속혈당측정기 2개 + 글루코핏 베이직 멤버십, 글루코핏 멤버
       total=160,900 qty=2 unit=80,450 (텍스트분석)
  [OK] 프리스타일 리브레2 총 7개 + 패치 14매 알콜솜 14매 포함
       total=555,000 qty=7 unit=79,285 (텍스트분석)
  [OK] [공식판매처] 프리스타일 리브레2 연속혈당측정기 무채혈 2개+패치4매 무료 (당뇨/가정용 
       total=161,000 qty=2 unit=80,500 (텍스트분석)
  [OK] [공식] 프리스타일 리브레 2개 + 글루코핏 베이직 멤버십
       total=160,900 qty=2 unit=80,450 (텍스트분석)
  [OK] 애보트 프리스타일 리브레2 연속 혈당측정기, Freestyle Libre 2, 1개
       total=82,900 qty=1 unit=82,900 (텍스트분석)
  [OK] 프리스타일 리브레 7개 + 패치 14매 알콜솜 14매 증정, 1개
       total=630,000 qty=7 unit=90,000 (텍스트분석)
  [OK] 프리스타일 리브레2 연속혈당측정기 2개 + 글루코핏 40일 프리미엄 멤버십, 1개
       total=199,000 qty=2 unit=99,500 (텍스트분석)
  [OK] 애보트 프리스타일 리브레2 연속 혈당측정기, FreeStyle Libre 2, 1개
       total=80,450 qty=1 unit=80,450 (텍스트분석)
  [OK] [공식] 프리스타일 리브레 2개 + 글루코핏 베이직 멤버십
       total=180,000 qty=2 unit=90,000 (텍스트분석)
  [OK] [리뷰 1만개 검증] 프리스타일 리브레2 연속혈당측정기 2개
       total=160,800 qty=2 unit=80,400 (텍스트분석)
  [글루코핏] kept=10, skipped=0 (filter: none)

[BRAND] 크롤링: https://shop.coupang.com/A00158907/?platform=p
  페이지: 쿠팡이 추천하는 (주)닥터다이어리 관련 혜택과 특가
  추출: 80개
  [OK] 프리스타일 리브레2 연속 당 측정 시스템 + 글루어트 패치 20매 (당뇨소모성재료 제공),
       total=560,000 qty=7 unit=80,000 (텍스트분석)
  [OK] 프리스타일 리브레2 개인용 체내 연속혈당측정시스템, 1개
       total=90,000 qty=2 unit=45,000 (텍스트분석(범위초과))
  [OK] NEW 프리스타일 리브레2 최신형 1개(14일분) 연속혈당측정기 무채혈 애보트 블루투스+패
       total=90,000 qty=1 unit=90,000 (텍스트분석)
  [닥터다이어리] kept=3, skipped=77 (filter: name='리브레\s*2|libre\s*2')

🔍 환경 변수 확인:
   MYSQLHOST: interchange.proxy.rlwy.net
   MYSQLUSER: root
   MYSQLDATABASE: railway
   DB_HOST: interchange.proxy.rlwy.net
✅ Railway MySQL 환경 변수 사용: interchange.proxy.rlwy.net:43937
DB inserted: 21
총 크롤링: 21개, DB 저장: 21개
END: 2026-03-23T00:00:49
START COUPANG BRAND STORE: 2026-03-23T03:00:19
[BRAND] 크롤링: https://shop.coupang.com/pillyze/?platform=p
  페이지: 쿠팡이 추천하는 주식회사 필라이즈 관련 혜택과 특가
  추출: 9개
  [OK] 164,500원 (1개당 82,250원)
       total=164,500 qty=1 unit=164,500 (텍스트분석)
  [OK] [공식판매처] 프리스타일 리브레2 연속혈당측정기 무채혈 2개+필라이즈 패치4매 + 필라이즈
       total=161,000 qty=2 unit=80,500 (텍스트분석)
  [OK] [공식판매처] 프리스타일 리브레2 연속혈당측정기 무채혈 1개+패치2매 무료 + 혈당 멤버십
       total=81,000 qty=1 unit=81,000 (텍스트분석)
  [OK] [공식판매처] 프리스타일 리브레2 연속혈당측정기 무채혈 7개+자체 제작 패치 14매+혈당 
       total=574,000 qty=7 unit=82,000 (텍스트분석)
  [SKIP] 9,900원 (1개입당 990원)  (9,900 < 15,000)
  [OK] [공식판매처] 프리스타일 리브레2 연속혈당측정기 무채혈 4개+패치8매 무료 (당뇨/가정용 
       total=328,000 qty=4 unit=82,000 (텍스트분석)
  [OK] 프리스타일 리브레2 연속혈당측정기 + 전용 제작 패치 + 필라이즈 혈당 멤버십 슈가케어 7
       total=180,000 qty=2 unit=90,000 (텍스트분석)
  [OK] 프리스타일 리브레2 연속혈당측정기 + 전용 제작 패치 + 필라이즈 혈당 멤버십 슈가케어 7
       total=90,000 qty=1 unit=90,000 (텍스트분석)
  [OK] 프리스타일 리브레2 연속혈당측정기 + 전용 제작 패치 + 필라이즈 혈당 멤버십 슈가케어 7
       total=360,000 qty=4 unit=90,000 (텍스트분석)
  [필라이즈] kept=8, skipped=1 (filter: min_price=15,000)

[BRAND] 크롤링: https://shop.coupang.com/glucofit/?platform=p
  페이지: 쿠팡이 추천하는 글루코핏 관련 혜택과 특가
  추출: 10개
  [OK] [공식] 프리스타일 리브레2 연속혈당측정기 2개 + 글루코핏 베이직 멤버십, 글루코핏 멤버
       total=180,000 qty=2 unit=90,000 (텍스트분석)
  [OK] 프리스타일 리브레2 총 7개 + 패치 14매 알콜솜 14매 포함
       total=599,000 qty=7 unit=85,571 (텍스트분석)
  [OK] [공식판매처] 프리스타일 리브레2 연속혈당측정기 무채혈 2개+패치4매 무료 (당뇨/가정용 
       total=180,000 qty=2 unit=90,000 (텍스트분석)
  [OK] [공식] 프리스타일 리브레 2개 + 글루코핏 베이직 멤버십
       total=180,000 qty=2 unit=90,000 (텍스트분석)
  [OK] 애보트 프리스타일 리브레2 연속 혈당측정기, Freestyle Libre 2, 1개
       total=90,000 qty=1 unit=90,000 (텍스트분석)
  [OK] 프리스타일 리브레 7개 + 패치 14매 알콜솜 14매 증정, 1개
       total=630,000 qty=7 unit=90,000 (텍스트분석)
  [OK] 프리스타일 리브레2 연속혈당측정기 2개 + 글루코핏 40일 프리미엄 멤버십, 1개
       total=179,900 qty=2 unit=89,950 (텍스트분석)
  [OK] 애보트 프리스타일 리브레2 연속 혈당측정기, FreeStyle Libre 2, 1개
       total=95,000 qty=1 unit=95,000 (텍스트분석)
  [OK] [공식] 프리스타일 리브레 2개 + 글루코핏 베이직 멤버십
       total=180,000 qty=2 unit=90,000 (텍스트분석)
  [OK] [리뷰 1만개 검증] 프리스타일 리브레2 연속혈당측정기 2개
       total=180,000 qty=2 unit=90,000 (텍스트분석)
  [글루코핏] kept=10, skipped=0 (filter: none)

[BRAND] 크롤링: https://shop.coupang.com/A00158907/?platform=p
  페이지: 쿠팡이 추천하는 (주)닥터다이어리 관련 혜택과 특가
  추출: 80개
  [OK] 프리스타일 리브레2 연속 당 측정 시스템 + 글루어트 패치 20매 (당뇨소모성재료 제공),
       total=560,000 qty=7 unit=80,000 (텍스트분석)
  [OK] 프리스타일 리브레2 개인용 체내 연속혈당측정시스템, 1개
       total=90,000 qty=2 unit=45,000 (텍스트분석(범위초과))
  [OK] NEW 프리스타일 리브레2 최신형 1개(14일분) 연속혈당측정기 무채혈 애보트 블루투스+패
       total=90,000 qty=1 unit=90,000 (텍스트분석)
  [닥터다이어리] kept=3, skipped=77 (filter: name='리브레\s*2|libre\s*2')

🔍 환경 변수 확인:
   MYSQLHOST: interchange.proxy.rlwy.net
   MYSQLUSER: root
   MYSQLDATABASE: railway
   DB_HOST: interchange.proxy.rlwy.net
✅ Railway MySQL 환경 변수 사용: interchange.proxy.rlwy.net:43937
DB inserted: 21
총 크롤링: 21개, DB 저장: 21개
END: 2026-03-23T03:01:07
START COUPANG BRAND STORE: 2026-03-23T12:00:08
[BRAND] 크롤링: https://shop.coupang.com/pillyze/?platform=p
  페이지: 쿠팡이 추천하는 주식회사 필라이즈 관련 혜택과 특가
  추출: 9개
  [OK] 180,000원 (1개당 90,000원)
       total=180,000 qty=1 unit=180,000 (텍스트분석)
  [OK] [공식판매처] 프리스타일 리브레2 연속혈당측정기 무채혈 2개+필라이즈 패치4매 + 필라이즈
       total=180,000 qty=2 unit=90,000 (텍스트분석)
  [OK] [공식판매처] 프리스타일 리브레2 연속혈당측정기 무채혈 1개+패치2매 무료 + 혈당 멤버십
       total=89,000 qty=1 unit=89,000 (텍스트분석)
  [OK] [공식판매처] 프리스타일 리브레2 연속혈당측정기 무채혈 7개+자체 제작 패치 14매+혈당 
       total=590,000 qty=7 unit=84,285 (텍스트분석)
  [SKIP] 9,900원 (1개입당 990원)  (9,900 < 15,000)
  [OK] [공식판매처] 프리스타일 리브레2 연속혈당측정기 무채혈 4개+패치8매 무료 (당뇨/가정용 
       total=359,000 qty=4 unit=89,750 (텍스트분석)
  [OK] 프리스타일 리브레2 연속혈당측정기 + 전용 제작 패치 + 필라이즈 혈당 멤버십 슈가케어 7
       total=180,000 qty=2 unit=90,000 (텍스트분석)
  [OK] 프리스타일 리브레2 연속혈당측정기 + 전용 제작 패치 + 필라이즈 혈당 멤버십 슈가케어 7
       total=90,000 qty=1 unit=90,000 (텍스트분석)
  [OK] 프리스타일 리브레2 연속혈당측정기 + 전용 제작 패치 + 필라이즈 혈당 멤버십 슈가케어 7
       total=360,000 qty=4 unit=90,000 (텍스트분석)
  [필라이즈] kept=8, skipped=1 (filter: min_price=15,000)

[BRAND] 크롤링: https://shop.coupang.com/glucofit/?platform=p
  페이지: 쿠팡이 추천하는 글루코핏 관련 혜택과 특가
  추출: 10개
  [OK] [공식] 프리스타일 리브레2 연속혈당측정기 2개 + 글루코핏 베이직 멤버십, 글루코핏 멤버
       total=180,000 qty=2 unit=90,000 (텍스트분석)
  [OK] 프리스타일 리브레2 총 7개 + 패치 14매 알콜솜 14매 포함
       total=599,000 qty=7 unit=85,571 (텍스트분석)
  [OK] [공식판매처] 프리스타일 리브레2 연속혈당측정기 무채혈 2개+패치4매 무료 (당뇨/가정용 
       total=180,000 qty=2 unit=90,000 (텍스트분석)
  [OK] [공식] 프리스타일 리브레 2개 + 글루코핏 베이직 멤버십
       total=180,000 qty=2 unit=90,000 (텍스트분석)
  [OK] 애보트 프리스타일 리브레2 연속 혈당측정기, Freestyle Libre 2, 1개
       total=90,000 qty=1 unit=90,000 (텍스트분석)
  [OK] 프리스타일 리브레 7개 + 패치 14매 알콜솜 14매 증정, 1개
       total=630,000 qty=7 unit=90,000 (텍스트분석)
  [OK] 프리스타일 리브레2 연속혈당측정기 2개 + 글루코핏 40일 프리미엄 멤버십, 1개
       total=179,900 qty=2 unit=89,950 (텍스트분석)
  [OK] 애보트 프리스타일 리브레2 연속 혈당측정기, FreeStyle Libre 2, 1개
       total=95,000 qty=1 unit=95,000 (텍스트분석)
  [OK] [공식] 프리스타일 리브레 2개 + 글루코핏 베이직 멤버십
       total=180,000 qty=2 unit=90,000 (텍스트분석)
  [OK] [리뷰 1만개 검증] 프리스타일 리브레2 연속혈당측정기 2개
       total=180,000 qty=2 unit=90,000 (텍스트분석)
  [글루코핏] kept=10, skipped=0 (filter: none)

[BRAND] 크롤링: https://shop.coupang.com/A00158907/?platform=p
  페이지: 쿠팡이 추천하는 (주)닥터다이어리 관련 혜택과 특가
  추출: 80개
  [OK] 프리스타일 리브레2 연속 당 측정 시스템 + 글루어트 패치 20매 (당뇨소모성재료 제공),
       total=560,000 qty=7 unit=80,000 (텍스트분석)
  [OK] 프리스타일 리브레2 개인용 체내 연속혈당측정시스템, 1개
       total=90,000 qty=2 unit=45,000 (텍스트분석(범위초과))
  [OK] NEW 프리스타일 리브레2 최신형 1개(14일분) 연속혈당측정기 무채혈 애보트 블루투스+패
       total=90,000 qty=1 unit=90,000 (텍스트분석)
  [닥터다이어리] kept=3, skipped=77 (filter: name='리브레\s*2|libre\s*2')

🔍 환경 변수 확인:
   MYSQLHOST: interchange.proxy.rlwy.net
   MYSQLUSER: root
   MYSQLDATABASE: railway
   DB_HOST: interchange.proxy.rlwy.net
✅ Railway MySQL 환경 변수 사용: interchange.proxy.rlwy.net:43937
DB inserted: 21
총 크롤링: 21개, DB 저장: 21개
END: 2026-03-23T12:01:08
START COUPANG BRAND STORE: 2026-03-23T18:00:24
[BRAND] 크롤링: https://shop.coupang.com/pillyze/?platform=p
  페이지: 쿠팡이 추천하는 주식회사 필라이즈 관련 혜택과 특가
  추출: 9개
  [OK] 180,000원 (1개당 90,000원)
       total=180,000 qty=1 unit=180,000 (텍스트분석)
  [OK] [공식판매처] 프리스타일 리브레2 연속혈당측정기 무채혈 2개+필라이즈 패치4매 + 필라이즈
       total=180,000 qty=2 unit=90,000 (텍스트분석)
  [OK] [공식판매처] 프리스타일 리브레2 연속혈당측정기 무채혈 1개+패치2매 무료 + 혈당 멤버십
       total=89,000 qty=1 unit=89,000 (텍스트분석)
  [OK] [공식판매처] 프리스타일 리브레2 연속혈당측정기 무채혈 7개+자체 제작 패치 14매+혈당 
       total=590,000 qty=7 unit=84,285 (텍스트분석)
  [SKIP] 9,900원 (1개입당 990원)  (9,900 < 15,000)
  [OK] [공식판매처] 프리스타일 리브레2 연속혈당측정기 무채혈 4개+패치8매 무료 (당뇨/가정용 
       total=359,000 qty=4 unit=89,750 (텍스트분석)
  [OK] 프리스타일 리브레2 연속혈당측정기 + 전용 제작 패치 + 필라이즈 혈당 멤버십 슈가케어 7
       total=180,000 qty=2 unit=90,000 (텍스트분석)
  [OK] 프리스타일 리브레2 연속혈당측정기 + 전용 제작 패치 + 필라이즈 혈당 멤버십 슈가케어 7
       total=90,000 qty=1 unit=90,000 (텍스트분석)
  [OK] 프리스타일 리브레2 연속혈당측정기 + 전용 제작 패치 + 필라이즈 혈당 멤버십 슈가케어 7
       total=360,000 qty=4 unit=90,000 (텍스트분석)
  [필라이즈] kept=8, skipped=1 (filter: min_price=15,000)

[BRAND] 크롤링: https://shop.coupang.com/glucofit/?platform=p
  페이지: 쿠팡이 추천하는 글루코핏 관련 혜택과 특가
  추출: 10개
  [OK] [공식] 프리스타일 리브레2 연속혈당측정기 2개 + 글루코핏 베이직 멤버십, 글루코핏 멤버
       total=180,000 qty=2 unit=90,000 (텍스트분석)
  [OK] 프리스타일 리브레2 총 7개 + 패치 14매 알콜솜 14매 포함
       total=599,000 qty=7 unit=85,571 (텍스트분석)
  [OK] [공식판매처] 프리스타일 리브레2 연속혈당측정기 무채혈 2개+패치4매 무료 (당뇨/가정용 
       total=180,000 qty=2 unit=90,000 (텍스트분석)
  [OK] [공식] 프리스타일 리브레 2개 + 글루코핏 베이직 멤버십
       total=180,000 qty=2 unit=90,000 (텍스트분석)
  [OK] 애보트 프리스타일 리브레2 연속 혈당측정기, Freestyle Libre 2, 1개
       total=90,000 qty=1 unit=90,000 (텍스트분석)
  [OK] 프리스타일 리브레 7개 + 패치 14매 알콜솜 14매 증정, 1개
       total=630,000 qty=7 unit=90,000 (텍스트분석)
  [OK] 프리스타일 리브레2 연속혈당측정기 2개 + 글루코핏 40일 프리미엄 멤버십, 1개
       total=179,900 qty=2 unit=89,950 (텍스트분석)
  [OK] 애보트 프리스타일 리브레2 연속 혈당측정기, FreeStyle Libre 2, 1개
       total=95,000 qty=1 unit=95,000 (텍스트분석)
  [OK] [공식] 프리스타일 리브레 2개 + 글루코핏 베이직 멤버십
       total=180,000 qty=2 unit=90,000 (텍스트분석)
  [OK] [리뷰 1만개 검증] 프리스타일 리브레2 연속혈당측정기 2개
       total=180,000 qty=2 unit=90,000 (텍스트분석)
  [글루코핏] kept=10, skipped=0 (filter: none)

[BRAND] 크롤링: https://shop.coupang.com/A00158907/?platform=p
  페이지: 쿠팡이 추천하는 (주)닥터다이어리 관련 혜택과 특가
  추출: 80개
  [OK] 프리스타일 리브레2 연속 당 측정 시스템 + 글루어트 패치 20매 (당뇨소모성재료 제공),
       total=560,000 qty=7 unit=80,000 (텍스트분석)
  [OK] 프리스타일 리브레2 개인용 체내 연속혈당측정시스템, 1개
       total=90,000 qty=2 unit=45,000 (텍스트분석(범위초과))
  [OK] NEW 프리스타일 리브레2 최신형 1개(14일분) 연속혈당측정기 무채혈 애보트 블루투스+패
       total=90,000 qty=1 unit=90,000 (텍스트분석)
  [닥터다이어리] kept=3, skipped=77 (filter: name='리브레\s*2|libre\s*2')

🔍 환경 변수 확인:
   MYSQLHOST: interchange.proxy.rlwy.net
   MYSQLUSER: root
   MYSQLDATABASE: railway
   DB_HOST: interchange.proxy.rlwy.net
✅ Railway MySQL 환경 변수 사용: interchange.proxy.rlwy.net:43937
DB inserted: 21
총 크롤링: 21개, DB 저장: 21개
END: 2026-03-23T18:01:15
START COUPANG BRAND STORE: 2026-03-24T00:00:13
[BRAND] 크롤링: https://shop.coupang.com/pillyze/?platform=p
  페이지: 쿠팡이 추천하는 주식회사 필라이즈 관련 혜택과 특가
  추출: 9개
  [OK] 165,900원 (1개당 82,950원)
       total=165,900 qty=1 unit=165,900 (텍스트분석)
  [OK] [공식판매처] 프리스타일 리브레2 연속혈당측정기 무채혈 2개+필라이즈 패치4매 + 필라이즈
       total=166,000 qty=2 unit=83,000 (텍스트분석)
  [OK] [공식판매처] 프리스타일 리브레2 연속혈당측정기 무채혈 7개+자체 제작 패치 14매+혈당 
       total=581,000 qty=7 unit=83,000 (텍스트분석)
  [OK] [공식판매처] 프리스타일 리브레2 연속혈당측정기 무채혈 1개+패치2매 무료 + 혈당 멤버십
       total=86,000 qty=1 unit=86,000 (텍스트분석)
  [SKIP] 9,900원 (1개입당 990원)  (9,900 < 15,000)
  [OK] [공식판매처] 프리스타일 리브레2 연속혈당측정기 무채혈 4개+패치8매 무료 (당뇨/가정용 
       total=359,000 qty=4 unit=89,750 (텍스트분석)
  [OK] 프리스타일 리브레2 연속혈당측정기 + 전용 제작 패치 + 필라이즈 혈당 멤버십 슈가케어 7
       total=180,000 qty=2 unit=90,000 (텍스트분석)
  [OK] 프리스타일 리브레2 연속혈당측정기 + 전용 제작 패치 + 필라이즈 혈당 멤버십 슈가케어 7
       total=90,000 qty=1 unit=90,000 (텍스트분석)
  [OK] 프리스타일 리브레2 연속혈당측정기 + 전용 제작 패치 + 필라이즈 혈당 멤버십 슈가케어 7
       total=360,000 qty=4 unit=90,000 (텍스트분석)
  [필라이즈] kept=8, skipped=1 (filter: min_price=15,000)

[BRAND] 크롤링: https://shop.coupang.com/glucofit/?platform=p
  페이지: 쿠팡이 추천하는 글루코핏 관련 혜택과 특가
  추출: 10개
  [OK] [공식] 프리스타일 리브레2 연속혈당측정기 2개 + 글루코핏 베이직 멤버십, 글루코핏 멤버
       total=160,000 qty=2 unit=80,000 (텍스트분석)
  [OK] 프리스타일 리브레2 총 7개 + 패치 14매 알콜솜 14매 포함
       total=555,000 qty=7 unit=79,285 (텍스트분석)
  [OK] [공식] 프리스타일 리브레 2개 + 글루코핏 베이직 멤버십
       total=160,000 qty=2 unit=80,000 (텍스트분석)
  [OK] [공식판매처] 프리스타일 리브레2 연속혈당측정기 무채혈 2개+패치4매 무료 (당뇨/가정용 
       total=160,000 qty=2 unit=80,000 (텍스트분석)
  [OK] 애보트 프리스타일 리브레2 연속 혈당측정기, Freestyle Libre 2, 1개
       total=82,000 qty=1 unit=82,000 (텍스트분석)
  [OK] 프리스타일 리브레 7개 + 패치 14매 알콜솜 14매 증정, 1개
       total=630,000 qty=7 unit=90,000 (텍스트분석)
  [OK] 프리스타일 리브레2 연속혈당측정기 2개 + 글루코핏 40일 프리미엄 멤버십, 1개
       total=179,900 qty=2 unit=89,950 (텍스트분석)
  [OK] 애보트 프리스타일 리브레2 연속 혈당측정기, FreeStyle Libre 2, 1개
       total=80,420 qty=1 unit=80,420 (텍스트분석)
  [OK] [공식] 프리스타일 리브레 2개 + 글루코핏 베이직 멤버십
       total=180,000 qty=2 unit=90,000 (텍스트분석)
  [OK] [리뷰 1만개 검증] 프리스타일 리브레2 연속혈당측정기 2개
       total=160,000 qty=2 unit=80,000 (텍스트분석)
  [글루코핏] kept=10, skipped=0 (filter: none)

[BRAND] 크롤링: https://shop.coupang.com/A00158907/?platform=p
  페이지: 쿠팡이 추천하는 (주)닥터다이어리 관련 혜택과 특가
  추출: 80개
  [OK] 프리스타일 리브레2 연속 당 측정 시스템 + 글루어트 패치 20매 (당뇨소모성재료 제공),
       total=560,000 qty=7 unit=80,000 (텍스트분석)
  [OK] 프리스타일 리브레2 개인용 체내 연속혈당측정시스템, 1개
       total=90,000 qty=2 unit=45,000 (텍스트분석(범위초과))
  [OK] NEW 프리스타일 리브레2 최신형 1개(14일분) 연속혈당측정기 무채혈 애보트 블루투스+패
       total=90,000 qty=1 unit=90,000 (텍스트분석)
  [닥터다이어리] kept=3, skipped=77 (filter: name='리브레\s*2|libre\s*2')

🔍 환경 변수 확인:
   MYSQLHOST: interchange.proxy.rlwy.net
   MYSQLUSER: root
   MYSQLDATABASE: railway
   DB_HOST: interchange.proxy.rlwy.net
✅ Railway MySQL 환경 변수 사용: interchange.proxy.rlwy.net:43937
DB inserted: 21
총 크롤링: 21개, DB 저장: 21개
END: 2026-03-24T00:00:49
START COUPANG BRAND STORE: 2026-03-24T03:00:10
[BRAND] 크롤링: https://shop.coupang.com/pillyze/?platform=p
  페이지: 쿠팡이 추천하는 주식회사 필라이즈 관련 혜택과 특가
  추출: 9개
  [OK] 165,900원 (1개당 82,950원)
       total=165,900 qty=1 unit=165,900 (텍스트분석)
  [OK] [공식판매처] 프리스타일 리브레2 연속혈당측정기 무채혈 2개+필라이즈 패치4매 + 필라이즈
       total=166,000 qty=2 unit=83,000 (텍스트분석)
  [OK] [공식판매처] 프리스타일 리브레2 연속혈당측정기 무채혈 1개+패치2매 무료 + 혈당 멤버십
       total=86,000 qty=1 unit=86,000 (텍스트분석)
  [OK] [공식판매처] 프리스타일 리브레2 연속혈당측정기 무채혈 7개+자체 제작 패치 14매+혈당 
       total=581,000 qty=7 unit=83,000 (텍스트분석)
  [SKIP] 9,900원 (1개입당 990원)  (9,900 < 15,000)
  [OK] [공식판매처] 프리스타일 리브레2 연속혈당측정기 무채혈 4개+패치8매 무료 (당뇨/가정용 
       total=359,000 qty=4 unit=89,750 (텍스트분석)
  [OK] 프리스타일 리브레2 연속혈당측정기 + 전용 제작 패치 + 필라이즈 혈당 멤버십 슈가케어 7
       total=180,000 qty=2 unit=90,000 (텍스트분석)
  [OK] 프리스타일 리브레2 연속혈당측정기 + 전용 제작 패치 + 필라이즈 혈당 멤버십 슈가케어 7
       total=90,000 qty=1 unit=90,000 (텍스트분석)
  [OK] 프리스타일 리브레2 연속혈당측정기 + 전용 제작 패치 + 필라이즈 혈당 멤버십 슈가케어 7
       total=360,000 qty=4 unit=90,000 (텍스트분석)
  [필라이즈] kept=8, skipped=1 (filter: min_price=15,000)

[BRAND] 크롤링: https://shop.coupang.com/glucofit/?platform=p
  페이지: 쿠팡이 추천하는 글루코핏 관련 혜택과 특가
  추출: 8개
  [OK] [공식] 프리스타일 리브레2 연속혈당측정기 2개 + 글루코핏 베이직 멤버십, 글루코핏 멤버
       total=160,000 qty=2 unit=80,000 (텍스트분석)
  [OK] [공식] 프리스타일 리브레 2개 + 글루코핏 베이직 멤버십
       total=160,000 qty=2 unit=80,000 (텍스트분석)
  [OK] [공식판매처] 프리스타일 리브레2 연속혈당측정기 무채혈 2개+패치4매 무료 (당뇨/가정용 
       total=160,000 qty=2 unit=80,000 (텍스트분석)
  [OK] 프리스타일 리브레2 연속혈당측정기 2개 + 글루코핏 40일 프리미엄 멤버십, 1개
       total=179,900 qty=2 unit=89,950 (텍스트분석)
  [OK] 애보트 프리스타일 리브레2 연속 혈당측정기, Freestyle Libre 2, 1개
       total=82,000 qty=1 unit=82,000 (텍스트분석)
  [OK] 프리스타일 리브레 7개 + 패치 14매 알콜솜 14매 증정, 1개
       total=630,000 qty=7 unit=90,000 (텍스트분석)
  [OK] [리뷰 1만개 검증] 프리스타일 리브레2 연속혈당측정기 2개
       total=160,000 qty=2 unit=80,000 (텍스트분석)
  [OK] [공식] 프리스타일 리브레 2개 + 글루코핏 베이직 멤버십
       total=180,000 qty=2 unit=90,000 (텍스트분석)
  [글루코핏] kept=8, skipped=0 (filter: none)

[BRAND] 크롤링: https://shop.coupang.com/A00158907/?platform=p
  페이지: 쿠팡이 추천하는 (주)닥터다이어리 관련 혜택과 특가
  추출: 80개
  [OK] 프리스타일 리브레2 연속 당 측정 시스템 + 글루어트 패치 20매 (당뇨소모성재료 제공),
       total=560,000 qty=7 unit=80,000 (텍스트분석)
  [OK] 프리스타일 리브레2 개인용 체내 연속혈당측정시스템, 1개
       total=90,000 qty=2 unit=45,000 (텍스트분석(범위초과))
  [OK] NEW 프리스타일 리브레2 최신형 1개(14일분) 연속혈당측정기 무채혈 애보트 블루투스+패
       total=90,000 qty=1 unit=90,000 (텍스트분석)
  [닥터다이어리] kept=3, skipped=77 (filter: name='리브레\s*2|libre\s*2')

🔍 환경 변수 확인:
   MYSQLHOST: interchange.proxy.rlwy.net
   MYSQLUSER: root
   MYSQLDATABASE: railway
   DB_HOST: interchange.proxy.rlwy.net
✅ Railway MySQL 환경 변수 사용: interchange.proxy.rlwy.net:43937
DB inserted: 19
총 크롤링: 19개, DB 저장: 19개
END: 2026-03-24T03:00:57
START COUPANG BRAND STORE: 2026-03-24T12:00:28
[BRAND] 크롤링: https://shop.coupang.com/pillyze/?platform=p
  페이지: 쿠팡이 추천하는 주식회사 필라이즈 관련 혜택과 특가
  추출: 9개
  [OK] 180,000원 (1개당 90,000원)
       total=180,000 qty=1 unit=180,000 (텍스트분석)
  [OK] [공식판매처] 프리스타일 리브레2 연속혈당측정기 무채혈 2개+필라이즈 패치4매 + 필라이즈
       total=179,000 qty=2 unit=89,500 (텍스트분석)
  [OK] [공식판매처] 프리스타일 리브레2 연속혈당측정기 무채혈 1개+패치2매 무료 + 혈당 멤버십
       total=89,000 qty=1 unit=89,000 (텍스트분석)
  [OK] [공식판매처] 프리스타일 리브레2 연속혈당측정기 무채혈 7개+자체 제작 패치 14매+혈당 
       total=590,000 qty=7 unit=84,285 (텍스트분석)
  [SKIP] 9,900원 (1개입당 990원)  (9,900 < 15,000)
  [OK] [공식판매처] 프리스타일 리브레2 연속혈당측정기 무채혈 4개+패치8매 무료 (당뇨/가정용 
       total=359,000 qty=4 unit=89,750 (텍스트분석)
  [OK] 프리스타일 리브레2 연속혈당측정기 + 전용 제작 패치 + 필라이즈 혈당 멤버십 슈가케어 7
       total=180,000 qty=2 unit=90,000 (텍스트분석)
  [OK] 프리스타일 리브레2 연속혈당측정기 + 전용 제작 패치 + 필라이즈 혈당 멤버십 슈가케어 7
       total=90,000 qty=1 unit=90,000 (텍스트분석)
  [OK] 프리스타일 리브레2 연속혈당측정기 + 전용 제작 패치 + 필라이즈 혈당 멤버십 슈가케어 7
       total=360,000 qty=4 unit=90,000 (텍스트분석)
  [필라이즈] kept=8, skipped=1 (filter: min_price=15,000)

[BRAND] 크롤링: https://shop.coupang.com/glucofit/?platform=p
  페이지: 쿠팡이 추천하는 글루코핏 관련 혜택과 특가
  추출: 8개
  [OK] [공식] 프리스타일 리브레2 연속혈당측정기 2개 + 글루코핏 베이직 멤버십, 글루코핏 멤버
       total=180,000 qty=2 unit=90,000 (텍스트분석)
  [OK] [공식] 프리스타일 리브레 2개 + 글루코핏 베이직 멤버십
       total=180,000 qty=2 unit=90,000 (텍스트분석)
  [OK] [공식판매처] 프리스타일 리브레2 연속혈당측정기 무채혈 2개+패치4매 무료 (당뇨/가정용 
       total=180,000 qty=2 unit=90,000 (텍스트분석)
  [OK] 프리스타일 리브레2 연속혈당측정기 2개 + 글루코핏 40일 프리미엄 멤버십, 1개
       total=179,900 qty=2 unit=89,950 (텍스트분석)
  [OK] 애보트 프리스타일 리브레2 연속 혈당측정기, Freestyle Libre 2, 1개
       total=90,000 qty=1 unit=90,000 (텍스트분석)
  [OK] 프리스타일 리브레 7개 + 패치 14매 알콜솜 14매 증정, 1개
       total=630,000 qty=7 unit=90,000 (텍스트분석)
  [OK] [리뷰 1만개 검증] 프리스타일 리브레2 연속혈당측정기 2개
       total=180,000 qty=2 unit=90,000 (텍스트분석)
  [OK] [공식] 프리스타일 리브레 2개 + 글루코핏 베이직 멤버십
       total=180,000 qty=2 unit=90,000 (텍스트분석)
  [글루코핏] kept=8, skipped=0 (filter: none)

[BRAND] 크롤링: https://shop.coupang.com/A00158907/?platform=p
  페이지: 쿠팡이 추천하는 (주)닥터다이어리 관련 혜택과 특가
  추출: 80개
  [OK] 프리스타일 리브레2 연속 당 측정 시스템 + 글루어트 패치 20매 (당뇨소모성재료 제공),
       total=560,000 qty=7 unit=80,000 (텍스트분석)
  [OK] 프리스타일 리브레2 개인용 체내 연속혈당측정시스템, 1개
       total=90,000 qty=2 unit=45,000 (텍스트분석(범위초과))
  [OK] NEW 프리스타일 리브레2 최신형 1개(14일분) 연속혈당측정기 무채혈 애보트 블루투스+패
       total=90,000 qty=1 unit=90,000 (텍스트분석)
  [닥터다이어리] kept=3, skipped=77 (filter: name='리브레\s*2|libre\s*2')

🔍 환경 변수 확인:
   MYSQLHOST: interchange.proxy.rlwy.net
   MYSQLUSER: root
   MYSQLDATABASE: railway
   DB_HOST: interchange.proxy.rlwy.net
✅ Railway MySQL 환경 변수 사용: interchange.proxy.rlwy.net:43937
DB inserted: 19
총 크롤링: 19개, DB 저장: 19개
END: 2026-03-24T12:01:12
START COUPANG BRAND STORE: 2026-03-25T17:40:52
[BRAND] 크롤링: https://shop.coupang.com/pillyze/?platform=p
  [ERROR] 크롤링 실패: Page.goto: Timeout 30000ms exceeded.
Call log:
  - navigating to "https://shop.coupang.com/pillyze/?platform=p", waiting until "domcontentloaded"

  에러 스크린샷: screenshots/brand_error_20260325_174206.png
  [필라이즈] 크롤링된 상품 없음
[BRAND] 크롤링: https://shop.coupang.com/glucofit/?platform=p
  페이지: 쿠팡이 추천하는 글루코핏 관련 혜택과 특가
  추출: 12개
  [OK] 덱스콤 G7 개인용 체내 연속 혈당 측정 시스템 + 글루코핏 베이직 멤버십, 1개, DEX
       total=75,000 qty=1 unit=75,000 (텍스트분석)
  [OK] [공식] 프리스타일 리브레2 연속혈당측정기 2개 + 글루코핏 베이직 멤버십, 글루코핏 멤버
       total=162,000 qty=2 unit=81,000 (텍스트분석)
  [OK] 프리스타일 리브레2 총 7개 + 패치 14매 알콜솜 14매 포함
       total=569,000 qty=7 unit=81,285 (텍스트분석)
  [OK] [공식] 프리스타일 리브레 2개 + 글루코핏 베이직 멤버십
       total=180,000 qty=2 unit=90,000 (텍스트분석)
  [OK] 프리스타일 리브레2 연속혈당측정기 2개 + 글루코핏 40일 프리미엄 멤버십, 1개
       total=179,900 qty=2 unit=89,950 (텍스트분석)
  [OK] 프리스타일 리브레 7개 + 패치 14매 알콜솜 14매 증정, 1개
       total=630,000 qty=7 unit=90,000 (텍스트분석)
  [OK] 애보트 프리스타일 리브레2 연속 혈당측정기, Freestyle Libre 2, 1개
       total=90,000 qty=1 unit=90,000 (텍스트분석)
  [OK] [공식판매처] 프리스타일 리브레2 연속혈당측정기 무채혈 2개+패치4매 무료 (당뇨/가정용 
       total=164,800 qty=2 unit=82,400 (텍스트분석)
  [OK] 44%
       total=144,000 qty=1 unit=144,000 (텍스트분석)
  [OK] 애보트 프리스타일 리브레2 연속 혈당측정기, FreeStyle Libre 2, 1개
       total=95,000 qty=1 unit=95,000 (텍스트분석)
  [OK] [공식] 프리스타일 리브레 2개 + 글루코핏 베이직 멤버십
       total=166,000 qty=2 unit=83,000 (텍스트분석)
  [OK] [리뷰 1만개 검증] 프리스타일 리브레2 연속혈당측정기 2개
       total=164,600 qty=2 unit=82,300 (텍스트분석)
  [글루코핏] kept=12, skipped=0 (filter: none)

[BRAND] 크롤링: https://shop.coupang.com/A00158907/?platform=p
  페이지: 쿠팡이 추천하는 (주)닥터다이어리 관련 혜택과 특가
  추출: 80개
  [OK] 프리스타일 리브레2 개인용 체내 연속혈당측정시스템, 1개
       total=90,000 qty=2 unit=45,000 (텍스트분석(범위초과))
  [OK] NEW 프리스타일 리브레2 최신형 1개(14일분) 연속혈당측정기 무채혈 애보트 블루투스+패
       total=90,000 qty=1 unit=90,000 (텍스트분석)
  [OK] 프리스타일 리브레2 연속 당 측정 시스템 + 글루어트 패치 20매 (당뇨소모성재료 제공),
       total=560,000 qty=7 unit=80,000 (텍스트분석)
  [닥터다이어리] kept=3, skipped=77 (filter: name='리브레\s*2|libre\s*2')

🔍 환경 변수 확인:
   MYSQLHOST: interchange.proxy.rlwy.net
   MYSQLUSER: root
   MYSQLDATABASE: railway
   DB_HOST: interchange.proxy.rlwy.net
✅ Railway MySQL 환경 변수 사용: interchange.proxy.rlwy.net:43937
DB inserted: 15
총 크롤링: 15개, DB 저장: 15개
END: 2026-03-25T17:43:57
START COUPANG BRAND STORE: 2026-03-25T17:43:57
[BRAND] 크롤링: https://shop.coupang.com/pillyze/?platform=p
  페이지: 쿠팡이 추천하는 주식회사 필라이즈 관련 혜택과 특가
  추출: 9개
  [OK] [공식판매처] 프리스타일 리브레2 연속혈당측정기 무채혈 2개+필라이즈 패치4매 + 필라이즈
       total=179,000 qty=2 unit=89,500 (텍스트분석)
  [OK] 180,000원 (1개당 90,000원)
       total=180,000 qty=1 unit=180,000 (텍스트분석)
  [OK] [공식판매처] 프리스타일 리브레2 연속혈당측정기 무채혈 1개+패치2매 무료 + 혈당 멤버십
       total=89,000 qty=1 unit=89,000 (텍스트분석)
  [OK] [공식판매처] 프리스타일 리브레2 연속혈당측정기 무채혈 7개+자체 제작 패치 14매+혈당 
       total=590,000 qty=7 unit=84,285 (텍스트분석)
  [SKIP] 9,900원 (1개입당 990원)  (9,900 < 15,000)
  [OK] [공식판매처] 프리스타일 리브레2 연속혈당측정기 무채혈 4개+패치8매 무료 (당뇨/가정용 
       total=359,000 qty=4 unit=89,750 (텍스트분석)
  [OK] 프리스타일 리브레2 연속혈당측정기 + 전용 제작 패치 + 필라이즈 혈당 멤버십 슈가케어 7
       total=360,000 qty=4 unit=90,000 (텍스트분석)
  [OK] 프리스타일 리브레2 연속혈당측정기 + 전용 제작 패치 + 필라이즈 혈당 멤버십 슈가케어 7
       total=90,000 qty=1 unit=90,000 (텍스트분석)
  [OK] 프리스타일 리브레2 연속혈당측정기 + 전용 제작 패치 + 필라이즈 혈당 멤버십 슈가케어 7
       total=180,000 qty=2 unit=90,000 (텍스트분석)
  [필라이즈] kept=8, skipped=1 (filter: min_price=15,000)

[BRAND] 크롤링: https://shop.coupang.com/glucofit/?platform=p
  페이지: 쿠팡이 추천하는 글루코핏 관련 혜택과 특가
  추출: 12개
  [OK] 덱스콤 G7 개인용 체내 연속 혈당 측정 시스템 + 글루코핏 베이직 멤버십, 1개, DEX
       total=75,000 qty=1 unit=75,000 (텍스트분석)
  [OK] [공식] 프리스타일 리브레2 연속혈당측정기 2개 + 글루코핏 베이직 멤버십, 글루코핏 멤버
       total=162,000 qty=2 unit=81,000 (텍스트분석)
  [OK] 프리스타일 리브레2 총 7개 + 패치 14매 알콜솜 14매 포함
       total=569,000 qty=7 unit=81,285 (텍스트분석)
  [OK] [공식] 프리스타일 리브레 2개 + 글루코핏 베이직 멤버십
       total=180,000 qty=2 unit=90,000 (텍스트분석)
  [OK] 프리스타일 리브레2 연속혈당측정기 2개 + 글루코핏 40일 프리미엄 멤버십, 1개
       total=179,900 qty=2 unit=89,950 (텍스트분석)
  [OK] 프리스타일 리브레 7개 + 패치 14매 알콜솜 14매 증정, 1개
       total=630,000 qty=7 unit=90,000 (텍스트분석)
  [OK] 애보트 프리스타일 리브레2 연속 혈당측정기, Freestyle Libre 2, 1개
       total=90,000 qty=1 unit=90,000 (텍스트분석)
  [OK] [공식판매처] 프리스타일 리브레2 연속혈당측정기 무채혈 2개+패치4매 무료 (당뇨/가정용 
       total=164,800 qty=2 unit=82,400 (텍스트분석)
  [OK] 44%
       total=144,000 qty=1 unit=144,000 (텍스트분석)
  [OK] 애보트 프리스타일 리브레2 연속 혈당측정기, FreeStyle Libre 2, 1개
       total=95,000 qty=1 unit=95,000 (텍스트분석)
  [OK] [공식] 프리스타일 리브레 2개 + 글루코핏 베이직 멤버십
       total=166,000 qty=2 unit=83,000 (텍스트분석)
  [OK] [리뷰 1만개 검증] 프리스타일 리브레2 연속혈당측정기 2개
       total=164,600 qty=2 unit=82,300 (텍스트분석)
  [글루코핏] kept=12, skipped=0 (filter: none)

[BRAND] 크롤링: https://shop.coupang.com/A00158907/?platform=p
  페이지: 쿠팡이 추천하는 (주)닥터다이어리 관련 혜택과 특가
  추출: 80개
  [OK] 프리스타일 리브레2 개인용 체내 연속혈당측정시스템, 1개
       total=90,000 qty=2 unit=45,000 (텍스트분석(범위초과))
  [OK] NEW 프리스타일 리브레2 최신형 1개(14일분) 연속혈당측정기 무채혈 애보트 블루투스+패
       total=90,000 qty=1 unit=90,000 (텍스트분석)
  [OK] 프리스타일 리브레2 연속 당 측정 시스템 + 글루어트 패치 20매 (당뇨소모성재료 제공),
       total=560,000 qty=7 unit=80,000 (텍스트분석)
  [닥터다이어리] kept=3, skipped=77 (filter: name='리브레\s*2|libre\s*2')

🔍 환경 변수 확인:
   MYSQLHOST: interchange.proxy.rlwy.net
   MYSQLUSER: root
   MYSQLDATABASE: railway
   DB_HOST: interchange.proxy.rlwy.net
✅ Railway MySQL 환경 변수 사용: interchange.proxy.rlwy.net:43937
DB inserted: 23
총 크롤링: 23개, DB 저장: 23개
END: 2026-03-25T17:44:47
START COUPANG BRAND STORE: 2026-03-25T17:44:47
[BRAND] 크롤링: https://shop.coupang.com/pillyze/?platform=p
  페이지: 쿠팡이 추천하는 주식회사 필라이즈 관련 혜택과 특가
  추출: 9개
  [OK] [공식판매처] 프리스타일 리브레2 연속혈당측정기 무채혈 2개+필라이즈 패치4매 + 필라이즈
       total=179,000 qty=2 unit=89,500 (텍스트분석)
  [OK] 180,000원 (1개당 90,000원)
       total=180,000 qty=1 unit=180,000 (텍스트분석)
  [OK] [공식판매처] 프리스타일 리브레2 연속혈당측정기 무채혈 1개+패치2매 무료 + 혈당 멤버십
       total=89,000 qty=1 unit=89,000 (텍스트분석)
  [OK] [공식판매처] 프리스타일 리브레2 연속혈당측정기 무채혈 7개+자체 제작 패치 14매+혈당 
       total=590,000 qty=7 unit=84,285 (텍스트분석)
  [SKIP] 9,900원 (1개입당 990원)  (9,900 < 15,000)
  [OK] [공식판매처] 프리스타일 리브레2 연속혈당측정기 무채혈 4개+패치8매 무료 (당뇨/가정용 
       total=359,000 qty=4 unit=89,750 (텍스트분석)
  [OK] 프리스타일 리브레2 연속혈당측정기 + 전용 제작 패치 + 필라이즈 혈당 멤버십 슈가케어 7
       total=360,000 qty=4 unit=90,000 (텍스트분석)
  [OK] 프리스타일 리브레2 연속혈당측정기 + 전용 제작 패치 + 필라이즈 혈당 멤버십 슈가케어 7
       total=90,000 qty=1 unit=90,000 (텍스트분석)
  [OK] 프리스타일 리브레2 연속혈당측정기 + 전용 제작 패치 + 필라이즈 혈당 멤버십 슈가케어 7
       total=180,000 qty=2 unit=90,000 (텍스트분석)
  [필라이즈] kept=8, skipped=1 (filter: min_price=15,000)

[BRAND] 크롤링: https://shop.coupang.com/glucofit/?platform=p
  페이지: 쿠팡이 추천하는 글루코핏 관련 혜택과 특가
  추출: 12개
  [OK] 덱스콤 G7 개인용 체내 연속 혈당 측정 시스템 + 글루코핏 베이직 멤버십, 1개, DEX
       total=75,000 qty=1 unit=75,000 (텍스트분석)
  [OK] [공식] 프리스타일 리브레2 연속혈당측정기 2개 + 글루코핏 베이직 멤버십, 글루코핏 멤버
       total=162,000 qty=2 unit=81,000 (텍스트분석)
  [OK] 프리스타일 리브레2 총 7개 + 패치 14매 알콜솜 14매 포함
       total=569,000 qty=7 unit=81,285 (텍스트분석)
  [OK] [공식] 프리스타일 리브레 2개 + 글루코핏 베이직 멤버십
       total=180,000 qty=2 unit=90,000 (텍스트분석)
  [OK] 프리스타일 리브레2 연속혈당측정기 2개 + 글루코핏 40일 프리미엄 멤버십, 1개
       total=179,900 qty=2 unit=89,950 (텍스트분석)
  [OK] 프리스타일 리브레 7개 + 패치 14매 알콜솜 14매 증정, 1개
       total=630,000 qty=7 unit=90,000 (텍스트분석)
  [OK] 애보트 프리스타일 리브레2 연속 혈당측정기, Freestyle Libre 2, 1개
       total=90,000 qty=1 unit=90,000 (텍스트분석)
  [OK] [공식판매처] 프리스타일 리브레2 연속혈당측정기 무채혈 2개+패치4매 무료 (당뇨/가정용 
       total=164,800 qty=2 unit=82,400 (텍스트분석)
  [OK] 44%
       total=144,000 qty=1 unit=144,000 (텍스트분석)
  [OK] 애보트 프리스타일 리브레2 연속 혈당측정기, FreeStyle Libre 2, 1개
       total=95,000 qty=1 unit=95,000 (텍스트분석)
  [OK] [공식] 프리스타일 리브레 2개 + 글루코핏 베이직 멤버십
       total=166,000 qty=2 unit=83,000 (텍스트분석)
  [OK] [리뷰 1만개 검증] 프리스타일 리브레2 연속혈당측정기 2개
       total=164,600 qty=2 unit=82,300 (텍스트분석)
  [글루코핏] kept=12, skipped=0 (filter: none)

[BRAND] 크롤링: https://shop.coupang.com/A00158907/?platform=p
  페이지: 쿠팡이 추천하는 (주)닥터다이어리 관련 혜택과 특가
  추출: 80개
  [OK] 프리스타일 리브레2 개인용 체내 연속혈당측정시스템, 1개
       total=90,000 qty=2 unit=45,000 (텍스트분석(범위초과))
  [OK] NEW 프리스타일 리브레2 최신형 1개(14일분) 연속혈당측정기 무채혈 애보트 블루투스+패
       total=90,000 qty=1 unit=90,000 (텍스트분석)
  [OK] 프리스타일 리브레2 연속 당 측정 시스템 + 글루어트 패치 20매 (당뇨소모성재료 제공),
       total=560,000 qty=7 unit=80,000 (텍스트분석)
  [닥터다이어리] kept=3, skipped=77 (filter: name='리브레\s*2|libre\s*2')

🔍 환경 변수 확인:
   MYSQLHOST: interchange.proxy.rlwy.net
   MYSQLUSER: root
   MYSQLDATABASE: railway
   DB_HOST: interchange.proxy.rlwy.net
✅ Railway MySQL 환경 변수 사용: interchange.proxy.rlwy.net:43937
DB inserted: 23
총 크롤링: 23개, DB 저장: 23개
END: 2026-03-25T17:45:27
START COUPANG BRAND STORE: 2026-03-25T17:45:27
[BRAND] 크롤링: https://shop.coupang.com/pillyze/?platform=p
  페이지: 쿠팡이 추천하는 주식회사 필라이즈 관련 혜택과 특가
  추출: 9개
  [OK] [공식판매처] 프리스타일 리브레2 연속혈당측정기 무채혈 2개+필라이즈 패치4매 + 필라이즈
       total=179,000 qty=2 unit=89,500 (텍스트분석)
  [OK] 180,000원 (1개당 90,000원)
       total=180,000 qty=1 unit=180,000 (텍스트분석)
  [OK] [공식판매처] 프리스타일 리브레2 연속혈당측정기 무채혈 1개+패치2매 무료 + 혈당 멤버십
       total=89,000 qty=1 unit=89,000 (텍스트분석)
  [OK] [공식판매처] 프리스타일 리브레2 연속혈당측정기 무채혈 7개+자체 제작 패치 14매+혈당 
       total=590,000 qty=7 unit=84,285 (텍스트분석)
  [SKIP] 9,900원 (1개입당 990원)  (9,900 < 15,000)
  [OK] [공식판매처] 프리스타일 리브레2 연속혈당측정기 무채혈 4개+패치8매 무료 (당뇨/가정용 
       total=359,000 qty=4 unit=89,750 (텍스트분석)
  [OK] 프리스타일 리브레2 연속혈당측정기 + 전용 제작 패치 + 필라이즈 혈당 멤버십 슈가케어 7
       total=360,000 qty=4 unit=90,000 (텍스트분석)
  [OK] 프리스타일 리브레2 연속혈당측정기 + 전용 제작 패치 + 필라이즈 혈당 멤버십 슈가케어 7
       total=90,000 qty=1 unit=90,000 (텍스트분석)
  [OK] 프리스타일 리브레2 연속혈당측정기 + 전용 제작 패치 + 필라이즈 혈당 멤버십 슈가케어 7
       total=180,000 qty=2 unit=90,000 (텍스트분석)
  [필라이즈] kept=8, skipped=1 (filter: min_price=15,000)

[BRAND] 크롤링: https://shop.coupang.com/glucofit/?platform=p
  페이지: 쿠팡이 추천하는 글루코핏 관련 혜택과 특가
  추출: 12개
  [OK] 덱스콤 G7 개인용 체내 연속 혈당 측정 시스템 + 글루코핏 베이직 멤버십, 1개, DEX
       total=75,000 qty=1 unit=75,000 (텍스트분석)
  [OK] [공식] 프리스타일 리브레2 연속혈당측정기 2개 + 글루코핏 베이직 멤버십, 글루코핏 멤버
       total=162,000 qty=2 unit=81,000 (텍스트분석)
  [OK] 프리스타일 리브레2 총 7개 + 패치 14매 알콜솜 14매 포함
       total=569,000 qty=7 unit=81,285 (텍스트분석)
  [OK] [공식] 프리스타일 리브레 2개 + 글루코핏 베이직 멤버십
       total=180,000 qty=2 unit=90,000 (텍스트분석)
  [OK] 프리스타일 리브레2 연속혈당측정기 2개 + 글루코핏 40일 프리미엄 멤버십, 1개
       total=179,900 qty=2 unit=89,950 (텍스트분석)
  [OK] 프리스타일 리브레 7개 + 패치 14매 알콜솜 14매 증정, 1개
       total=630,000 qty=7 unit=90,000 (텍스트분석)
  [OK] 애보트 프리스타일 리브레2 연속 혈당측정기, Freestyle Libre 2, 1개
       total=90,000 qty=1 unit=90,000 (텍스트분석)
  [OK] [공식판매처] 프리스타일 리브레2 연속혈당측정기 무채혈 2개+패치4매 무료 (당뇨/가정용 
       total=164,800 qty=2 unit=82,400 (텍스트분석)
  [OK] 44%
       total=144,000 qty=1 unit=144,000 (텍스트분석)
  [OK] 애보트 프리스타일 리브레2 연속 혈당측정기, FreeStyle Libre 2, 1개
       total=95,000 qty=1 unit=95,000 (텍스트분석)
  [OK] [공식] 프리스타일 리브레 2개 + 글루코핏 베이직 멤버십
       total=166,000 qty=2 unit=83,000 (텍스트분석)
  [OK] [리뷰 1만개 검증] 프리스타일 리브레2 연속혈당측정기 2개
       total=164,600 qty=2 unit=82,300 (텍스트분석)
  [글루코핏] kept=12, skipped=0 (filter: none)

[BRAND] 크롤링: https://shop.coupang.com/A00158907/?platform=p
  페이지: 쿠팡이 추천하는 (주)닥터다이어리 관련 혜택과 특가
  추출: 80개
  [OK] 프리스타일 리브레2 개인용 체내 연속혈당측정시스템, 1개
       total=90,000 qty=2 unit=45,000 (텍스트분석(범위초과))
  [OK] NEW 프리스타일 리브레2 최신형 1개(14일분) 연속혈당측정기 무채혈 애보트 블루투스+패
       total=90,000 qty=1 unit=90,000 (텍스트분석)
  [OK] 프리스타일 리브레2 연속 당 측정 시스템 + 글루어트 패치 20매 (당뇨소모성재료 제공),
       total=560,000 qty=7 unit=80,000 (텍스트분석)
  [닥터다이어리] kept=3, skipped=77 (filter: name='리브레\s*2|libre\s*2')

🔍 환경 변수 확인:
   MYSQLHOST: interchange.proxy.rlwy.net
   MYSQLUSER: root
   MYSQLDATABASE: railway
   DB_HOST: interchange.proxy.rlwy.net
✅ Railway MySQL 환경 변수 사용: interchange.proxy.rlwy.net:43937
DB inserted: 23
총 크롤링: 23개, DB 저장: 23개
END: 2026-03-25T17:46:07
START COUPANG BRAND STORE: 2026-03-25T18:00:07
[BRAND] 크롤링: https://shop.coupang.com/pillyze/?platform=p
  페이지: 쿠팡이 추천하는 주식회사 필라이즈 관련 혜택과 특가
  추출: 9개
  [OK] [공식판매처] 프리스타일 리브레2 연속혈당측정기 무채혈 2개+필라이즈 패치4매 + 필라이즈
       total=179,000 qty=2 unit=89,500 (텍스트분석)
  [OK] 180,000원 (1개당 90,000원)
       total=180,000 qty=1 unit=180,000 (텍스트분석)
  [OK] [공식판매처] 프리스타일 리브레2 연속혈당측정기 무채혈 1개+패치2매 무료 + 혈당 멤버십
       total=89,000 qty=1 unit=89,000 (텍스트분석)
  [OK] [공식판매처] 프리스타일 리브레2 연속혈당측정기 무채혈 7개+자체 제작 패치 14매+혈당 
       total=590,000 qty=7 unit=84,285 (텍스트분석)
  [SKIP] 9,900원 (1개입당 990원)  (9,900 < 15,000)
  [OK] [공식판매처] 프리스타일 리브레2 연속혈당측정기 무채혈 4개+패치8매 무료 (당뇨/가정용 
       total=359,000 qty=4 unit=89,750 (텍스트분석)
  [OK] 프리스타일 리브레2 연속혈당측정기 + 전용 제작 패치 + 필라이즈 혈당 멤버십 슈가케어 7
       total=360,000 qty=4 unit=90,000 (텍스트분석)
  [OK] 프리스타일 리브레2 연속혈당측정기 + 전용 제작 패치 + 필라이즈 혈당 멤버십 슈가케어 7
       total=90,000 qty=1 unit=90,000 (텍스트분석)
  [OK] 프리스타일 리브레2 연속혈당측정기 + 전용 제작 패치 + 필라이즈 혈당 멤버십 슈가케어 7
       total=180,000 qty=2 unit=90,000 (텍스트분석)
  [필라이즈] kept=8, skipped=1 (filter: min_price=15,000)

[BRAND] 크롤링: https://shop.coupang.com/glucofit/?platform=p
  페이지: 쿠팡이 추천하는 글루코핏 관련 혜택과 특가
  추출: 12개
  [OK] 덱스콤 G7 개인용 체내 연속 혈당 측정 시스템 + 글루코핏 베이직 멤버십, 1개, DEX
       total=75,000 qty=1 unit=75,000 (텍스트분석)
  [OK] [공식] 프리스타일 리브레2 연속혈당측정기 2개 + 글루코핏 베이직 멤버십, 글루코핏 멤버
       total=162,000 qty=2 unit=81,000 (텍스트분석)
  [OK] 프리스타일 리브레2 총 7개 + 패치 14매 알콜솜 14매 포함
       total=569,000 qty=7 unit=81,285 (텍스트분석)
  [OK] [공식] 프리스타일 리브레 2개 + 글루코핏 베이직 멤버십
       total=180,000 qty=2 unit=90,000 (텍스트분석)
  [OK] 프리스타일 리브레2 연속혈당측정기 2개 + 글루코핏 40일 프리미엄 멤버십, 1개
       total=179,900 qty=2 unit=89,950 (텍스트분석)
  [OK] 프리스타일 리브레 7개 + 패치 14매 알콜솜 14매 증정, 1개
       total=630,000 qty=7 unit=90,000 (텍스트분석)
  [OK] 애보트 프리스타일 리브레2 연속 혈당측정기, Freestyle Libre 2, 1개
       total=90,000 qty=1 unit=90,000 (텍스트분석)
  [OK] [공식판매처] 프리스타일 리브레2 연속혈당측정기 무채혈 2개+패치4매 무료 (당뇨/가정용 
       total=164,800 qty=2 unit=82,400 (텍스트분석)
  [OK] 44%
       total=144,000 qty=1 unit=144,000 (텍스트분석)
  [OK] 애보트 프리스타일 리브레2 연속 혈당측정기, FreeStyle Libre 2, 1개
       total=95,000 qty=1 unit=95,000 (텍스트분석)
  [OK] [공식] 프리스타일 리브레 2개 + 글루코핏 베이직 멤버십
       total=166,000 qty=2 unit=83,000 (텍스트분석)
  [OK] [리뷰 1만개 검증] 프리스타일 리브레2 연속혈당측정기 2개
       total=164,600 qty=2 unit=82,300 (텍스트분석)
  [글루코핏] kept=12, skipped=0 (filter: none)

[BRAND] 크롤링: https://shop.coupang.com/A00158907/?platform=p
  페이지: 쿠팡이 추천하는 (주)닥터다이어리 관련 혜택과 특가
  추출: 80개
  [OK] 프리스타일 리브레2 개인용 체내 연속혈당측정시스템, 1개
       total=90,000 qty=2 unit=45,000 (텍스트분석(범위초과))
  [OK] NEW 프리스타일 리브레2 최신형 1개(14일분) 연속혈당측정기 무채혈 애보트 블루투스+패
       total=90,000 qty=1 unit=90,000 (텍스트분석)
  [OK] 프리스타일 리브레2 연속 당 측정 시스템 + 글루어트 패치 20매 (당뇨소모성재료 제공),
       total=560,000 qty=7 unit=80,000 (텍스트분석)
  [닥터다이어리] kept=3, skipped=77 (filter: name='리브레\s*2|libre\s*2')

🔍 환경 변수 확인:
   MYSQLHOST: interchange.proxy.rlwy.net
   MYSQLUSER: root
   MYSQLDATABASE: railway
   DB_HOST: interchange.proxy.rlwy.net
✅ Railway MySQL 환경 변수 사용: interchange.proxy.rlwy.net:43937
DB inserted: 23
총 크롤링: 23개, DB 저장: 23개
END: 2026-03-25T18:01:05
START COUPANG BRAND STORE: 2026-03-26T00:00:00
[BRAND] 크롤링: https://shop.coupang.com/pillyze/?platform=p
  페이지: 쿠팡이 추천하는 주식회사 필라이즈 관련 혜택과 특가
  추출: 9개
  [OK] [공식판매처] 프리스타일 리브레2 연속혈당측정기 무채혈 2개+필라이즈 패치4매 + 필라이즈
       total=164,800 qty=2 unit=82,400 (텍스트분석)
  [OK] 164,000원 (1개당 82,000원)
       total=164,000 qty=1 unit=164,000 (텍스트분석)
  [OK] [공식판매처] 프리스타일 리브레2 연속혈당측정기 무채혈 1개+패치2매 무료 + 혈당 멤버십
       total=86,000 qty=1 unit=86,000 (텍스트분석)
  [SKIP] 9,900원 (1개입당 990원)  (9,900 < 15,000)
  [OK] [공식판매처] 프리스타일 리브레2 연속혈당측정기 무채혈 7개+자체 제작 패치 14매+혈당 
       total=567,000 qty=7 unit=81,000 (텍스트분석)
  [OK] [공식판매처] 프리스타일 리브레2 연속혈당측정기 무채혈 4개+패치8매 무료 (당뇨/가정용 
       total=359,000 qty=4 unit=89,750 (텍스트분석)
  [OK] 프리스타일 리브레2 연속혈당측정기 + 전용 제작 패치 + 필라이즈 혈당 멤버십 슈가케어 7
       total=360,000 qty=4 unit=90,000 (텍스트분석)
  [OK] 프리스타일 리브레2 연속혈당측정기 + 전용 제작 패치 + 필라이즈 혈당 멤버십 슈가케어 7
       total=90,000 qty=1 unit=90,000 (텍스트분석)
  [OK] 프리스타일 리브레2 연속혈당측정기 + 전용 제작 패치 + 필라이즈 혈당 멤버십 슈가케어 7
       total=180,000 qty=2 unit=90,000 (텍스트분석)
  [필라이즈] kept=8, skipped=1 (filter: min_price=15,000)

[BRAND] 크롤링: https://shop.coupang.com/glucofit/?platform=p
  페이지: 쿠팡이 추천하는 글루코핏 관련 혜택과 특가
  추출: 12개
  [OK] 덱스콤 G7 개인용 체내 연속 혈당 측정 시스템 + 글루코핏 베이직 멤버십, 1개, DEX
       total=75,000 qty=1 unit=75,000 (텍스트분석)
  [OK] [공식] 프리스타일 리브레2 연속혈당측정기 2개 + 글루코핏 베이직 멤버십, 글루코핏 멤버
       total=160,000 qty=2 unit=80,000 (텍스트분석)
  [OK] 프리스타일 리브레2 총 7개 + 패치 14매 알콜솜 14매 포함
       total=569,000 qty=7 unit=81,285 (텍스트분석)
  [OK] [공식] 프리스타일 리브레 2개 + 글루코핏 베이직 멤버십
       total=180,000 qty=2 unit=90,000 (텍스트분석)
  [OK] 프리스타일 리브레2 연속혈당측정기 2개 + 글루코핏 40일 프리미엄 멤버십, 1개
       total=179,900 qty=2 unit=89,950 (텍스트분석)
  [OK] 프리스타일 리브레 7개 + 패치 14매 알콜솜 14매 증정, 1개
       total=630,000 qty=7 unit=90,000 (텍스트분석)
  [OK] 애보트 프리스타일 리브레2 연속 혈당측정기, Freestyle Libre 2, 1개
       total=90,000 qty=1 unit=90,000 (텍스트분석)
  [OK] [공식판매처] 프리스타일 리브레2 연속혈당측정기 무채혈 2개+패치4매 무료 (당뇨/가정용 
       total=164,800 qty=2 unit=82,400 (텍스트분석)
  [OK] 애보트 프리스타일 리브레2 연속 혈당측정기, FreeStyle Libre 2, 1개
       total=83,360 qty=1 unit=83,360 (텍스트분석)
  [OK] [공식] 프리스타일 리브레 2개 + 글루코핏 베이직 멤버십
       total=166,000 qty=2 unit=83,000 (텍스트분석)
  [OK] 44%
       total=144,000 qty=1 unit=144,000 (텍스트분석)
  [OK] [리뷰 1만개 검증] 프리스타일 리브레2 연속혈당측정기 2개
       total=164,600 qty=2 unit=82,300 (텍스트분석)
  [글루코핏] kept=12, skipped=0 (filter: none)

[BRAND] 크롤링: https://shop.coupang.com/A00158907/?platform=p
  페이지: 쿠팡이 추천하는 (주)닥터다이어리 관련 혜택과 특가
  추출: 79개
  [OK] 프리스타일 리브레2 개인용 체내 연속혈당측정시스템, 1개
       total=90,000 qty=2 unit=45,000 (텍스트분석(범위초과))
  [OK] NEW 프리스타일 리브레2 최신형 1개(14일분) 연속혈당측정기 무채혈 애보트 블루투스+패
       total=90,000 qty=1 unit=90,000 (텍스트분석)
  [닥터다이어리] kept=2, skipped=77 (filter: name='리브레\s*2|libre\s*2')

🔍 환경 변수 확인:
   MYSQLHOST: interchange.proxy.rlwy.net
   MYSQLUSER: root
   MYSQLDATABASE: railway
   DB_HOST: interchange.proxy.rlwy.net
✅ Railway MySQL 환경 변수 사용: interchange.proxy.rlwy.net:43937
DB inserted: 22
총 크롤링: 22개, DB 저장: 22개
END: 2026-03-26T00:00:55
START COUPANG BRAND STORE: 2026-03-26T03:00:25
[BRAND] 크롤링: https://shop.coupang.com/pillyze/?platform=p
  페이지: 쿠팡이 추천하는 주식회사 필라이즈 관련 혜택과 특가
  추출: 9개
  [OK] [공식판매처] 프리스타일 리브레2 연속혈당측정기 무채혈 2개+필라이즈 패치4매 + 필라이즈
       total=164,800 qty=2 unit=82,400 (텍스트분석)
  [OK] 164,000원 (1개당 82,000원)
       total=164,000 qty=1 unit=164,000 (텍스트분석)
  [OK] [공식판매처] 프리스타일 리브레2 연속혈당측정기 무채혈 1개+패치2매 무료 + 혈당 멤버십
       total=86,000 qty=1 unit=86,000 (텍스트분석)
  [SKIP] 9,900원 (1개입당 990원)  (9,900 < 15,000)
  [OK] [공식판매처] 프리스타일 리브레2 연속혈당측정기 무채혈 7개+자체 제작 패치 14매+혈당 
       total=567,000 qty=7 unit=81,000 (텍스트분석)
  [OK] [공식판매처] 프리스타일 리브레2 연속혈당측정기 무채혈 4개+패치8매 무료 (당뇨/가정용 
       total=359,000 qty=4 unit=89,750 (텍스트분석)
  [OK] 프리스타일 리브레2 연속혈당측정기 + 전용 제작 패치 + 필라이즈 혈당 멤버십 슈가케어 7
       total=360,000 qty=4 unit=90,000 (텍스트분석)
  [OK] 프리스타일 리브레2 연속혈당측정기 + 전용 제작 패치 + 필라이즈 혈당 멤버십 슈가케어 7
       total=90,000 qty=1 unit=90,000 (텍스트분석)
  [OK] 프리스타일 리브레2 연속혈당측정기 + 전용 제작 패치 + 필라이즈 혈당 멤버십 슈가케어 7
       total=180,000 qty=2 unit=90,000 (텍스트분석)
  [필라이즈] kept=8, skipped=1 (filter: min_price=15,000)

[BRAND] 크롤링: https://shop.coupang.com/glucofit/?platform=p
  페이지: 쿠팡이 추천하는 글루코핏 관련 혜택과 특가
  추출: 12개
  [OK] 덱스콤 G7 개인용 체내 연속 혈당 측정 시스템 + 글루코핏 베이직 멤버십, 1개, DEX
       total=75,000 qty=1 unit=75,000 (텍스트분석)
  [OK] [공식] 프리스타일 리브레2 연속혈당측정기 2개 + 글루코핏 베이직 멤버십, 글루코핏 멤버
       total=160,000 qty=2 unit=80,000 (텍스트분석)
  [OK] [공식] 프리스타일 리브레 2개 + 글루코핏 베이직 멤버십
       total=166,000 qty=2 unit=83,000 (텍스트분석)
  [OK] 애보트 프리스타일 리브레2 연속 혈당측정기, FreeStyle Libre 2, 1개
       total=83,360 qty=1 unit=83,360 (텍스트분석)
  [OK] 프리스타일 리브레2 총 7개 + 패치 14매 알콜솜 14매 포함
       total=569,000 qty=7 unit=81,285 (텍스트분석)
  [OK] 프리스타일 리브레2 연속혈당측정기 2개 + 글루코핏 40일 프리미엄 멤버십, 1개
       total=179,900 qty=2 unit=89,950 (텍스트분석)
  [OK] [공식판매처] 프리스타일 리브레2 연속혈당측정기 무채혈 2개+패치4매 무료 (당뇨/가정용 
       total=164,800 qty=2 unit=82,400 (텍스트분석)
  [OK] 프리스타일 리브레 7개 + 패치 14매 알콜솜 14매 증정, 1개
       total=630,000 qty=7 unit=90,000 (텍스트분석)
  [OK] 44%
       total=144,000 qty=1 unit=144,000 (텍스트분석)
  [OK] 애보트 프리스타일 리브레2 연속 혈당측정기, Freestyle Libre 2, 1개
       total=90,000 qty=1 unit=90,000 (텍스트분석)
  [OK] [공식] 프리스타일 리브레 2개 + 글루코핏 베이직 멤버십
       total=180,000 qty=2 unit=90,000 (텍스트분석)
  [OK] [리뷰 1만개 검증] 프리스타일 리브레2 연속혈당측정기 2개
       total=164,600 qty=2 unit=82,300 (텍스트분석)
  [글루코핏] kept=12, skipped=0 (filter: none)

[BRAND] 크롤링: https://shop.coupang.com/A00158907/?platform=p
  페이지: 쿠팡이 추천하는 (주)닥터다이어리 관련 혜택과 특가
  추출: 79개
  [OK] 프리스타일 리브레2 개인용 체내 연속혈당측정시스템, 1개
       total=90,000 qty=2 unit=45,000 (텍스트분석(범위초과))
  [OK] NEW 프리스타일 리브레2 최신형 1개(14일분) 연속혈당측정기 무채혈 애보트 블루투스+패
       total=90,000 qty=1 unit=90,000 (텍스트분석)
  [OK] 프리스타일 리브레2 연속 당 측정 시스템 + 글루어트 패치 20매 (당뇨소모성재료 제공),
       total=560,000 qty=7 unit=80,000 (텍스트분석)
  [닥터다이어리] kept=3, skipped=76 (filter: name='리브레\s*2|libre\s*2')

🔍 환경 변수 확인:
   MYSQLHOST: interchange.proxy.rlwy.net
   MYSQLUSER: root
   MYSQLDATABASE: railway
   DB_HOST: interchange.proxy.rlwy.net
✅ Railway MySQL 환경 변수 사용: interchange.proxy.rlwy.net:43937
DB inserted: 23
총 크롤링: 23개, DB 저장: 23개
END: 2026-03-26T03:01:05
START COUPANG BRAND STORE: 2026-03-26T12:00:27
[BRAND] 크롤링: https://shop.coupang.com/pillyze/?platform=p
  페이지: 쿠팡이 추천하는 주식회사 필라이즈 관련 혜택과 특가
  추출: 9개
  [OK] [공식판매처] 프리스타일 리브레2 연속혈당측정기 무채혈 2개+필라이즈 패치4매 + 필라이즈
       total=180,000 qty=2 unit=90,000 (텍스트분석)
  [OK] 180,000원 (1개당 90,000원)
       total=180,000 qty=1 unit=180,000 (텍스트분석)
  [OK] [공식판매처] 프리스타일 리브레2 연속혈당측정기 무채혈 1개+패치2매 무료 + 혈당 멤버십
       total=89,000 qty=1 unit=89,000 (텍스트분석)
  [SKIP] 9,900원 (1개입당 990원)  (9,900 < 15,000)
  [OK] [공식판매처] 프리스타일 리브레2 연속혈당측정기 무채혈 7개+자체 제작 패치 14매+혈당 
       total=574,000 qty=7 unit=82,000 (텍스트분석)
  [OK] [공식판매처] 프리스타일 리브레2 연속혈당측정기 무채혈 4개+패치8매 무료 (당뇨/가정용 
       total=359,000 qty=4 unit=89,750 (텍스트분석)
  [OK] 프리스타일 리브레2 연속혈당측정기 + 전용 제작 패치 + 필라이즈 혈당 멤버십 슈가케어 7
       total=360,000 qty=4 unit=90,000 (텍스트분석)
  [OK] 프리스타일 리브레2 연속혈당측정기 + 전용 제작 패치 + 필라이즈 혈당 멤버십 슈가케어 7
       total=90,000 qty=1 unit=90,000 (텍스트분석)
  [OK] 프리스타일 리브레2 연속혈당측정기 + 전용 제작 패치 + 필라이즈 혈당 멤버십 슈가케어 7
       total=180,000 qty=2 unit=90,000 (텍스트분석)
  [필라이즈] kept=8, skipped=1 (filter: min_price=15,000)

[BRAND] 크롤링: https://shop.coupang.com/glucofit/?platform=p
  페이지: 쿠팡이 추천하는 글루코핏 관련 혜택과 특가
  추출: 12개
  [OK] 덱스콤 G7 개인용 체내 연속 혈당 측정 시스템 + 글루코핏 베이직 멤버십, 1개, DEX
       total=75,000 qty=1 unit=75,000 (텍스트분석)
  [OK] [공식] 프리스타일 리브레2 연속혈당측정기 2개 + 글루코핏 베이직 멤버십, 글루코핏 멤버
       total=168,000 qty=2 unit=84,000 (텍스트분석)
  [OK] [공식] 프리스타일 리브레 2개 + 글루코핏 베이직 멤버십
       total=167,900 qty=2 unit=83,950 (텍스트분석)
  [OK] 애보트 프리스타일 리브레2 연속 혈당측정기, FreeStyle Libre 2, 1개
       total=95,000 qty=1 unit=95,000 (텍스트분석)
  [OK] 프리스타일 리브레2 총 7개 + 패치 14매 알콜솜 14매 포함
       total=569,000 qty=7 unit=81,285 (텍스트분석)
  [OK] 프리스타일 리브레2 연속혈당측정기 2개 + 글루코핏 40일 프리미엄 멤버십, 1개
       total=179,900 qty=2 unit=89,950 (텍스트분석)
  [OK] [공식판매처] 프리스타일 리브레2 연속혈당측정기 무채혈 2개+패치4매 무료 (당뇨/가정용 
       total=167,900 qty=2 unit=83,950 (텍스트분석)
  [OK] 프리스타일 리브레 7개 + 패치 14매 알콜솜 14매 증정, 1개
       total=630,000 qty=7 unit=90,000 (텍스트분석)
  [OK] 애보트 프리스타일 리브레2 연속 혈당측정기, Freestyle Libre 2, 1개
       total=90,000 qty=1 unit=90,000 (텍스트분석)
  [OK] [공식] 프리스타일 리브레 2개 + 글루코핏 베이직 멤버십
       total=180,000 qty=2 unit=90,000 (텍스트분석)
  [OK] [리뷰 1만개 검증] 프리스타일 리브레2 연속혈당측정기 2개
       total=164,600 qty=2 unit=82,300 (텍스트분석)
  [OK] 44%
       total=144,000 qty=1 unit=144,000 (텍스트분석)
  [글루코핏] kept=12, skipped=0 (filter: none)

[BRAND] 크롤링: https://shop.coupang.com/A00158907/?platform=p
  페이지: 쿠팡이 추천하는 (주)닥터다이어리 관련 혜택과 특가
  추출: 79개
  [OK] 프리스타일 리브레2 개인용 체내 연속혈당측정시스템, 1개
       total=90,000 qty=2 unit=45,000 (텍스트분석(범위초과))
  [OK] NEW 프리스타일 리브레2 최신형 1개(14일분) 연속혈당측정기 무채혈 애보트 블루투스+패
       total=90,000 qty=1 unit=90,000 (텍스트분석)
  [OK] 프리스타일 리브레2 연속 당 측정 시스템 + 글루어트 패치 20매 (당뇨소모성재료 제공),
       total=560,000 qty=7 unit=80,000 (텍스트분석)
  [닥터다이어리] kept=3, skipped=76 (filter: name='리브레\s*2|libre\s*2')

🔍 환경 변수 확인:
   MYSQLHOST: interchange.proxy.rlwy.net
   MYSQLUSER: root
   MYSQLDATABASE: railway
   DB_HOST: interchange.proxy.rlwy.net
✅ Railway MySQL 환경 변수 사용: interchange.proxy.rlwy.net:43937
