2026-03-21 09:09:25,917 [INFO] ==================================================
2026-03-21 09:09:25,918 [INFO] 쿠팡 크롤링 스케줄러 시작
2026-03-21 09:09:25,918 [INFO] 스케줄: 매일 00:00, 03:00, 12:00, 18:00 KST
2026-03-21 09:09:25,918 [INFO] 다음 실행: 2026-03-21 12:00:00
2026-03-21 09:09:25,918 [INFO] ==================================================
2026-03-21 12:00:26,261 [INFO] === 쿠팡 크롤링 시작 ===
2026-03-21 12:01:14,579 [ERROR] 쿠팡 크롤링 실패: 'cp949' codec can't encode character '\U0001f50d' in position 0: illegal multibyte sequence
Traceback (most recent call last):
  File "C:\Users\ehdus\Desktop\libre2-api\scheduler.py", line 44, in job_coupang
    run_crawling()
  File "C:\Users\ehdus\Desktop\libre2-api\scripts\crawl_coupang_brand.py", line 298, in run_crawling
    inserted = save_to_db(all_rows, snapshot_id=snapshot_id, snapshot_at=snapshot_at)
               ^^^^^^^^^^^^^^^^^^^^^^^^^^^^^^^^^^^^^^^^^^^^^^^^^^^^^^^^^^^^^^^^^^^^^^
  File "C:\Users\ehdus\Desktop\libre2-api\scripts\crawl_naver.py", line 548, in save_to_db
    _log(f"🔍 환경 변수 확인:")
  File "C:\Users\ehdus\Desktop\libre2-api\scripts\crawl_naver.py", line 52, in _log
    print(message, flush=True)
UnicodeEncodeError: 'cp949' codec can't encode character '\U0001f50d' in position 0: illegal multibyte sequence
2026-03-21 14:21:14,571 [INFO] ==================================================
2026-03-21 14:21:14,571 [INFO] 쿠팡 크롤링 스케줄러 시작
2026-03-21 14:21:14,572 [INFO] 스케줄: 매일 00:00, 03:00, 12:00, 18:00 KST
2026-03-21 14:21:14,572 [INFO] 다음 실행: 2026-03-21 18:00:00
2026-03-21 14:21:14,572 [INFO] ==================================================
2026-03-21 14:21:14,572 [INFO] --run-now: 즉시 1회 실행
2026-03-21 14:21:14,572 [INFO] === 쿠팡 크롤링 시작 ===
2026-03-21 14:21:56,563 [INFO] === 쿠팡 크롤링 완료 ===
2026-03-22 18:04:17,742 [INFO] ==================================================
2026-03-22 18:04:17,742 [INFO] 쿠팡 크롤링 스케줄러 시작
2026-03-22 18:04:17,742 [INFO] 스케줄: 매일 00:00, 03:00, 12:00, 18:00 KST
2026-03-22 18:04:17,742 [INFO] 다음 실행: 2026-03-23 00:00:00
2026-03-22 18:04:17,742 [INFO] ==================================================
2026-03-23 00:00:00,945 [INFO] === 쿠팡 크롤링 시작 ===
2026-03-23 00:00:49,636 [INFO] === 쿠팡 크롤링 완료 ===
2026-03-23 03:00:19,930 [INFO] === 쿠팡 크롤링 시작 ===
2026-03-23 03:01:07,877 [INFO] === 쿠팡 크롤링 완료 ===
2026-03-23 12:00:08,794 [INFO] === 쿠팡 크롤링 시작 ===
2026-03-23 12:01:08,081 [INFO] === 쿠팡 크롤링 완료 ===
2026-03-23 18:00:24,638 [INFO] === 쿠팡 크롤링 시작 ===
2026-03-23 18:01:15,049 [INFO] === 쿠팡 크롤링 완료 ===
2026-03-24 00:00:13,237 [INFO] === 쿠팡 크롤링 시작 ===
2026-03-24 00:00:49,867 [INFO] === 쿠팡 크롤링 완료 ===
2026-03-24 03:00:10,665 [INFO] === 쿠팡 크롤링 시작 ===
2026-03-24 03:00:57,505 [INFO] === 쿠팡 크롤링 완료 ===
2026-03-24 12:00:28,107 [INFO] === 쿠팡 크롤링 시작 ===
2026-03-24 12:01:12,328 [INFO] === 쿠팡 크롤링 완료 ===
2026-03-25 17:40:52,749 [INFO] === 쿠팡 크롤링 시작 ===
2026-03-25 17:43:57,590 [INFO] === 쿠팡 크롤링 완료 ===
2026-03-25 17:43:57,591 [INFO] === 쿠팡 크롤링 시작 ===
2026-03-25 17:44:47,125 [INFO] === 쿠팡 크롤링 완료 ===
2026-03-25 17:44:47,125 [INFO] === 쿠팡 크롤링 시작 ===
2026-03-25 17:45:27,705 [INFO] === 쿠팡 크롤링 완료 ===
2026-03-25 17:45:27,705 [INFO] === 쿠팡 크롤링 시작 ===
2026-03-25 17:46:07,779 [INFO] === 쿠팡 크롤링 완료 ===
2026-03-25 18:00:07,795 [INFO] === 쿠팡 크롤링 시작 ===
2026-03-25 18:01:05,353 [INFO] === 쿠팡 크롤링 완료 ===
2026-03-26 00:00:00,513 [INFO] === 쿠팡 크롤링 시작 ===
2026-03-26 00:00:55,381 [INFO] === 쿠팡 크롤링 완료 ===
2026-03-26 03:00:25,732 [INFO] === 쿠팡 크롤링 시작 ===
2026-03-26 03:01:05,664 [INFO] === 쿠팡 크롤링 완료 ===
2026-03-26 12:00:27,289 [INFO] === 쿠팡 크롤링 시작 ===
2026-03-26 12:01:07,093 [INFO] === 쿠팡 크롤링 완료 ===
